<?xml version="1.0" encoding="UTF-8" standalone="yes"?><!DOCTYPE report PUBLIC "-//JACOCO//DTD Report 1.1//EN" "report.dtd"><report name="navi-vehicle-rental"><sessioninfo id="karl-8b18f323" start="1652634722515" dump="1652634722695"/><package name="com/vehiclerental/model"><class name="com/vehiclerental/model/Branch" sourcefilename="Branch.java"><method name="&lt;init&gt;" desc="(Ljava/lang/String;Lcom/vehiclerental/model/BranchStrategy;)V" line="10"><counter type="INSTRUCTION" missed="14" covered="0"/><counter type="LINE" missed="5" covered="0"/><counter type="COMPLEXITY" missed="1" covered="0"/><counter type="METHOD" missed="1" covered="0"/></method><method name="getName" desc="()Ljava/lang/String;" line="17"><counter type="INSTRUCTION" missed="3" covered="0"/><counter type="LINE" missed="1" covered="0"/><counter type="COMPLEXITY" missed="1" covered="0"/><counter type="METHOD" missed="1" covered="0"/></method><method name="onboardVehicleTypes" desc="(Ljava/util/List;)V" line="21"><counter type="INSTRUCTION" missed="19" covered="0"/><counter type="BRANCH" missed="2" covered="0"/><counter type="LINE" missed="4" covered="0"/><counter type="COMPLEXITY" missed="2" covered="0"/><counter type="METHOD" missed="1" covered="0"/></method><method name="vehicleTypeIsOnboarded" desc="(Ljava/lang/String;)Z" line="27"><counter type="INSTRUCTION" missed="5" covered="0"/><counter type="LINE" missed="1" covered="0"/><counter type="COMPLEXITY" missed="1" covered="0"/><counter type="METHOD" missed="1" covered="0"/></method><method name="vehicleIdIsOnboarded" desc="(Ljava/lang/String;Ljava/lang/String;)Z" line="31"><counter type="INSTRUCTION" missed="24" covered="0"/><counter type="BRANCH" missed="4" covered="0"/><counter type="LINE" missed="5" covered="0"/><counter type="COMPLEXITY" missed="3" covered="0"/><counter type="METHOD" missed="1" covered="0"/></method><method name="addVehicle" desc="(Ljava/lang/String;Ljava/lang/String;Ljava/lang/Integer;)V" line="41"><counter type="INSTRUCTION" missed="16" covered="0"/><counter type="LINE" missed="3" covered="0"/><counter type="COMPLEXITY" missed="1" covered="0"/><counter type="METHOD" missed="1" covered="0"/></method><method name="bookVehicle" desc="(Ljava/lang/String;II)I" line="46"><counter type="INSTRUCTION" missed="63" covered="0"/><counter type="BRANCH" missed="8" covered="0"/><counter type="LINE" missed="15" covered="0"/><counter type="COMPLEXITY" missed="5" covered="0"/><counter type="METHOD" missed="1" covered="0"/></method><method name="listAvailableVehicles" desc="(II)Ljava/util/Set;" line="73"><counter type="INSTRUCTION" missed="40" covered="0"/><counter type="BRANCH" missed="6" covered="0"/><counter type="LINE" missed="8" covered="0"/><counter type="COMPLEXITY" missed="4" covered="0"/><counter type="METHOD" missed="1" covered="0"/></method><method name="lambda$onboardVehicleTypes$0" desc="(Ljava/lang/String;)Ljava/util/TreeSet;" line="22"><counter type="INSTRUCTION" missed="7" covered="0"/><counter type="LINE" missed="1" covered="0"/><counter type="COMPLEXITY" missed="1" covered="0"/><counter type="METHOD" missed="1" covered="0"/></method><counter type="INSTRUCTION" missed="191" covered="0"/><counter type="BRANCH" missed="20" covered="0"/><counter type="LINE" missed="42" covered="0"/><counter type="COMPLEXITY" missed="19" covered="0"/><counter type="METHOD" missed="9" covered="0"/><counter type="CLASS" missed="1" covered="0"/></class><class name="com/vehiclerental/model/BranchStrategy" sourcefilename="BranchStrategy.java"><method name="&lt;init&gt;" desc="(Ljava/util/Map;Ljava/util/Comparator;)V" line="10"><counter type="INSTRUCTION" missed="9" covered="0"/><counter type="LINE" missed="4" covered="0"/><counter type="COMPLEXITY" missed="1" covered="0"/><counter type="METHOD" missed="1" covered="0"/></method><method name="getLeaseStrategy" desc="()Ljava/util/Comparator;" line="16"><counter type="INSTRUCTION" missed="3" covered="0"/><counter type="LINE" missed="1" covered="0"/><counter type="COMPLEXITY" missed="1" covered="0"/><counter type="METHOD" missed="1" covered="0"/></method><method name="getDynamicPriceIfExists" desc="(Ljava/lang/String;II)I" line="20"><counter type="INSTRUCTION" missed="16" covered="0"/><counter type="BRANCH" missed="2" covered="0"/><counter type="LINE" missed="3" covered="0"/><counter type="COMPLEXITY" missed="2" covered="0"/><counter type="METHOD" missed="1" covered="0"/></method><counter type="INSTRUCTION" missed="28" covered="0"/><counter type="BRANCH" missed="2" covered="0"/><counter type="LINE" missed="8" covered="0"/><counter type="COMPLEXITY" missed="4" covered="0"/><counter type="METHOD" missed="3" covered="0"/><counter type="CLASS" missed="1" covered="0"/></class><class name="com/vehiclerental/model/Vehicle" sourcefilename="Vehicle.java"><method name="&lt;init&gt;" desc="(Ljava/lang/String;I)V" line="8"><counter type="INSTRUCTION" missed="14" covered="0"/><counter type="LINE" missed="5" covered="0"/><counter type="COMPLEXITY" missed="1" covered="0"/><counter type="METHOD" missed="1" covered="0"/></method><method name="getId" desc="()Ljava/lang/String;" line="15"><counter type="INSTRUCTION" missed="3" covered="0"/><counter type="LINE" missed="1" covered="0"/><counter type="COMPLEXITY" missed="1" covered="0"/><counter type="METHOD" missed="1" covered="0"/></method><method name="getPrice" desc="()Ljava/lang/Integer;" line="19"><counter type="INSTRUCTION" missed="3" covered="0"/><counter type="LINE" missed="1" covered="0"/><counter type="COMPLEXITY" missed="1" covered="0"/><counter type="METHOD" missed="1" covered="0"/></method><method name="isAvailable" desc="(II)Z" line="23"><counter type="INSTRUCTION" missed="16" covered="0"/><counter type="BRANCH" missed="4" covered="0"/><counter type="LINE" missed="4" covered="0"/><counter type="COMPLEXITY" missed="3" covered="0"/><counter type="METHOD" missed="1" covered="0"/></method><method name="book" desc="(II)I" line="33"><counter type="INSTRUCTION" missed="22" covered="0"/><counter type="BRANCH" missed="2" covered="0"/><counter type="LINE" missed="5" covered="0"/><counter type="COMPLEXITY" missed="2" covered="0"/><counter type="METHOD" missed="1" covered="0"/></method><counter type="INSTRUCTION" missed="58" covered="0"/><counter type="BRANCH" missed="6" covered="0"/><counter type="LINE" missed="16" covered="0"/><counter type="COMPLEXITY" missed="8" covered="0"/><counter type="METHOD" missed="5" covered="0"/><counter type="CLASS" missed="1" covered="0"/></class><class name="com/vehiclerental/model/Command" sourcefilename="Command.java"><method name="&lt;init&gt;" desc="(Ljava/lang/String;)V" line="12"><counter type="INSTRUCTION" missed="28" covered="0"/><counter type="BRANCH" missed="2" covered="0"/><counter type="LINE" missed="8" covered="0"/><counter type="COMPLEXITY" missed="2" covered="0"/><counter type="METHOD" missed="1" covered="0"/></method><method name="getCommandName" desc="()Ljava/lang/String;" line="26"><counter type="INSTRUCTION" missed="3" covered="0"/><counter type="LINE" missed="1" covered="0"/><counter type="COMPLEXITY" missed="1" covered="0"/><counter type="METHOD" missed="1" covered="0"/></method><method name="getArgs" desc="()Ljava/util/List;" line="30"><counter type="INSTRUCTION" missed="3" covered="0"/><counter type="LINE" missed="1" covered="0"/><counter type="COMPLEXITY" missed="1" covered="0"/><counter type="METHOD" missed="1" covered="0"/></method><counter type="INSTRUCTION" missed="34" covered="0"/><counter type="BRANCH" missed="2" covered="0"/><counter type="LINE" missed="10" covered="0"/><counter type="COMPLEXITY" missed="4" covered="0"/><counter type="METHOD" missed="3" covered="0"/><counter type="CLASS" missed="1" covered="0"/></class><class name="com/vehiclerental/model/PricingStrategy" sourcefilename="PricingStrategy.java"><method name="&lt;init&gt;" desc="(II)V" line="7"><counter type="INSTRUCTION" missed="9" covered="0"/><counter type="LINE" missed="4" covered="0"/><counter type="COMPLEXITY" missed="1" covered="0"/><counter type="METHOD" missed="1" covered="0"/></method><method name="getDynamicPrice" desc="(II)I" line="13"><counter type="INSTRUCTION" missed="15" covered="0"/><counter type="BRANCH" missed="2" covered="0"/><counter type="LINE" missed="3" covered="0"/><counter type="COMPLEXITY" missed="2" covered="0"/><counter type="METHOD" missed="1" covered="0"/></method><counter type="INSTRUCTION" missed="24" covered="0"/><counter type="BRANCH" missed="2" covered="0"/><counter type="LINE" missed="7" covered="0"/><counter type="COMPLEXITY" missed="3" covered="0"/><counter type="METHOD" missed="2" covered="0"/><counter type="CLASS" missed="1" covered="0"/></class><sourcefile name="Command.java"><line nr="12" mi="2" ci="0" mb="0" cb="0"/><line nr="13" mi="4" ci="0" mb="0" cb="0"/><line nr="15" mi="3" ci="0" mb="2" cb="0"/><line nr="16" mi="4" ci="0" mb="0" cb="0"/><line nr="19" mi="7" ci="0" mb="0" cb="0"/><line nr="20" mi="4" ci="0" mb="0" cb="0"/><line nr="22" mi="3" ci="0" mb="0" cb="0"/><line nr="23" mi="1" ci="0" mb="0" cb="0"/><line nr="26" mi="3" ci="0" mb="0" cb="0"/><line nr="30" mi="3" ci="0" mb="0" cb="0"/><counter type="INSTRUCTION" missed="34" covered="0"/><counter type="BRANCH" missed="2" covered="0"/><counter type="LINE" missed="10" covered="0"/><counter type="COMPLEXITY" missed="4" covered="0"/><counter type="METHOD" missed="3" covered="0"/><counter type="CLASS" missed="1" covered="0"/></sourcefile><sourcefile name="PricingStrategy.java"><line nr="7" mi="2" ci="0" mb="0" cb="0"/><line nr="8" mi="3" ci="0" mb="0" cb="0"/><line nr="9" mi="3" ci="0" mb="0" cb="0"/><line nr="10" mi="1" ci="0" mb="0" cb="0"/><line nr="13" mi="4" ci="0" mb="2" cb="0"/><line nr="14" mi="9" ci="0" mb="0" cb="0"/><line nr="16" mi="2" ci="0" mb="0" cb="0"/><counter type="INSTRUCTION" missed="24" covered="0"/><counter type="BRANCH" missed="2" covered="0"/><counter type="LINE" missed="7" covered="0"/><counter type="COMPLEXITY" missed="3" covered="0"/><counter type="METHOD" missed="2" covered="0"/><counter type="CLASS" missed="1" covered="0"/></sourcefile><sourcefile name="BranchStrategy.java"><line nr="10" mi="2" ci="0" mb="0" cb="0"/><line nr="11" mi="3" ci="0" mb="0" cb="0"/><line nr="12" mi="3" ci="0" mb="0" cb="0"/><line nr="13" mi="1" ci="0" mb="0" cb="0"/><line nr="16" mi="3" ci="0" mb="0" cb="0"/><line nr="20" mi="5" ci="0" mb="2" cb="0"/><line nr="21" mi="9" ci="0" mb="0" cb="0"/><line nr="24" mi="2" ci="0" mb="0" cb="0"/><counter type="INSTRUCTION" missed="28" covered="0"/><counter type="BRANCH" missed="2" covered="0"/><counter type="LINE" missed="8" covered="0"/><counter type="COMPLEXITY" missed="4" covered="0"/><counter type="METHOD" missed="3" covered="0"/><counter type="CLASS" missed="1" covered="0"/></sourcefile><sourcefile name="Branch.java"><line nr="10" mi="2" ci="0" mb="0" cb="0"/><line nr="11" mi="3" ci="0" mb="0" cb="0"/><line nr="12" mi="5" ci="0" mb="0" cb="0"/><line nr="13" mi="3" ci="0" mb="0" cb="0"/><line nr="14" mi="1" ci="0" mb="0" cb="0"/><line nr="17" mi="3" ci="0" mb="0" cb="0"/><line nr="21" mi="10" ci="0" mb="2" cb="0"/><line nr="22" mi="14" ci="0" mb="0" cb="0"/><line nr="23" mi="1" ci="0" mb="0" cb="0"/><line nr="24" mi="1" ci="0" mb="0" cb="0"/><line nr="27" mi="5" ci="0" mb="0" cb="0"/><line nr="31" mi="14" ci="0" mb="2" cb="0"/><line nr="32" mi="5" ci="0" mb="2" cb="0"/><line nr="33" mi="2" ci="0" mb="0" cb="0"/><line nr="35" mi="1" ci="0" mb="0" cb="0"/><line nr="37" mi="2" ci="0" mb="0" cb="0"/><line nr="41" mi="7" ci="0" mb="0" cb="0"/><line nr="42" mi="8" ci="0" mb="0" cb="0"/><line nr="43" mi="1" ci="0" mb="0" cb="0"/><line nr="46" mi="5" ci="0" mb="2" cb="0"/><line nr="47" mi="2" ci="0" mb="0" cb="0"/><line nr="50" mi="2" ci="0" mb="0" cb="0"/><line nr="51" mi="2" ci="0" mb="0" cb="0"/><line nr="53" mi="14" ci="0" mb="2" cb="0"/><line nr="54" mi="5" ci="0" mb="2" cb="0"/><line nr="55" mi="5" ci="0" mb="0" cb="0"/><line nr="56" mi="1" ci="0" mb="0" cb="0"/><line nr="59" mi="1" ci="0" mb="0" cb="0"/><line nr="60" mi="1" ci="0" mb="0" cb="0"/><line nr="62" mi="3" ci="0" mb="2" cb="0"/><line nr="63" mi="7" ci="0" mb="0" cb="0"/><line nr="64" mi="6" ci="0" mb="0" cb="0"/><line nr="66" mi="7" ci="0" mb="0" cb="0"/><line nr="69" mi="2" ci="0" mb="0" cb="0"/><line nr="73" mi="4" ci="0" mb="0" cb="0"/><line nr="75" mi="12" ci="0" mb="2" cb="0"/><line nr="76" mi="10" ci="0" mb="2" cb="0"/><line nr="77" mi="5" ci="0" mb="2" cb="0"/><line nr="78" mi="5" ci="0" mb="0" cb="0"/><line nr="80" mi="1" ci="0" mb="0" cb="0"/><line nr="81" mi="1" ci="0" mb="0" cb="0"/><line nr="83" mi="2" ci="0" mb="0" cb="0"/><counter type="INSTRUCTION" missed="191" covered="0"/><counter type="BRANCH" missed="20" covered="0"/><counter type="LINE" missed="42" covered="0"/><counter type="COMPLEXITY" missed="19" covered="0"/><counter type="METHOD" missed="9" covered="0"/><counter type="CLASS" missed="1" covered="0"/></sourcefile><sourcefile name="Vehicle.java"><line nr="8" mi="2" ci="0" mb="0" cb="0"/><line nr="9" mi="3" ci="0" mb="0" cb="0"/><line nr="10" mi="4" ci="0" mb="0" cb="0"/><line nr="11" mi="4" ci="0" mb="0" cb="0"/><line nr="12" mi="1" ci="0" mb="0" cb="0"/><line nr="15" mi="3" ci="0" mb="0" cb="0"/><line nr="19" mi="3" ci="0" mb="0" cb="0"/><line nr="23" mi="7" ci="0" mb="2" cb="0"/><line nr="24" mi="5" ci="0" mb="2" cb="0"/><line nr="25" mi="2" ci="0" mb="0" cb="0"/><line nr="29" mi="2" ci="0" mb="0" cb="0"/><line nr="33" mi="2" ci="0" mb="0" cb="0"/><line nr="35" mi="7" ci="0" mb="2" cb="0"/><line nr="36" mi="5" ci="0" mb="0" cb="0"/><line nr="37" mi="6" ci="0" mb="0" cb="0"/><line nr="40" mi="2" ci="0" mb="0" cb="0"/><counter type="INSTRUCTION" missed="58" covered="0"/><counter type="BRANCH" missed="6" covered="0"/><counter type="LINE" missed="16" covered="0"/><counter type="COMPLEXITY" missed="8" covered="0"/><counter type="METHOD" missed="5" covered="0"/><counter type="CLASS" missed="1" covered="0"/></sourcefile><counter type="INSTRUCTION" missed="335" covered="0"/><counter type="BRANCH" missed="32" covered="0"/><counter type="LINE" missed="83" covered="0"/><counter type="COMPLEXITY" missed="38" covered="0"/><counter type="METHOD" missed="22" covered="0"/><counter type="CLASS" missed="5" covered="0"/></package><package name="com/vehiclerental/mode"><class name="com/vehiclerental/mode/Mode" sourcefilename="Mode.java"><method name="&lt;init&gt;" desc="(Lcom/vehiclerental/command/CommandExecutorFactory;Lcom/vehiclerental/OutputPrinter;)V" line="14"><counter type="INSTRUCTION" missed="9" covered="0"/><counter type="LINE" missed="4" covered="0"/><counter type="COMPLEXITY" missed="1" covered="0"/><counter type="METHOD" missed="1" covered="0"/></method><method name="process" desc="(Lcom/vehiclerental/model/Command;)V" line="22"><counter type="INSTRUCTION" missed="16" covered="0"/><counter type="BRANCH" missed="2" covered="0"/><counter type="LINE" missed="5" covered="0"/><counter type="COMPLEXITY" missed="2" covered="0"/><counter type="METHOD" missed="1" covered="0"/></method><counter type="INSTRUCTION" missed="25" covered="0"/><counter type="BRANCH" missed="2" covered="0"/><counter type="LINE" missed="9" covered="0"/><counter type="COMPLEXITY" missed="3" covered="0"/><counter type="METHOD" missed="2" covered="0"/><counter type="CLASS" missed="1" covered="0"/></class><class name="com/vehiclerental/mode/ModeFactory" sourcefilename="ModeFactory.java"><method name="&lt;init&gt;" desc="(Lcom/vehiclerental/command/CommandExecutorFactory;Lcom/vehiclerental/OutputPrinter;)V" line="13"><counter type="INSTRUCTION" missed="18" covered="0"/><counter type="LINE" missed="4" covered="0"/><counter type="COMPLEXITY" missed="1" covered="0"/><counter type="METHOD" missed="1" covered="0"/></method><method name="getModeHandler" desc="([Ljava/lang/String;)Lcom/vehiclerental/mode/Mode;" line="20"><counter type="INSTRUCTION" missed="14" covered="0"/><counter type="BRANCH" missed="2" covered="0"/><counter type="LINE" missed="3" covered="0"/><counter type="COMPLEXITY" missed="2" covered="0"/><counter type="METHOD" missed="1" covered="0"/></method><counter type="INSTRUCTION" missed="32" covered="0"/><counter type="BRANCH" missed="2" covered="0"/><counter type="LINE" missed="7" covered="0"/><counter type="COMPLEXITY" missed="3" covered="0"/><counter type="METHOD" missed="2" covered="0"/><counter type="CLASS" missed="1" covered="0"/></class><class name="com/vehiclerental/mode/FileMode" sourcefilename="FileMode.java"><method name="&lt;init&gt;" desc="(Lcom/vehiclerental/command/CommandExecutorFactory;Lcom/vehiclerental/OutputPrinter;)V" line="14"><counter type="INSTRUCTION" missed="5" covered="0"/><counter type="LINE" missed="2" covered="0"/><counter type="COMPLEXITY" missed="1" covered="0"/><counter type="METHOD" missed="1" covered="0"/></method><method name="start" desc="([Ljava/lang/String;)V" line="19"><counter type="INSTRUCTION" missed="41" covered="0"/><counter type="BRANCH" missed="2" covered="0"/><counter type="LINE" missed="13" covered="0"/><counter type="COMPLEXITY" missed="2" covered="0"/><counter type="METHOD" missed="1" covered="0"/></method><counter type="INSTRUCTION" missed="46" covered="0"/><counter type="BRANCH" missed="2" covered="0"/><counter type="LINE" missed="15" covered="0"/><counter type="COMPLEXITY" missed="3" covered="0"/><counter type="METHOD" missed="2" covered="0"/><counter type="CLASS" missed="1" covered="0"/></class><sourcefile name="Mode.java"><line nr="14" mi="2" ci="0" mb="0" cb="0"/><line nr="15" mi="3" ci="0" mb="0" cb="0"/><line nr="16" mi="3" ci="0" mb="0" cb="0"/><line nr="17" mi="1" ci="0" mb="0" cb="0"/><line nr="22" mi="3" ci="0" mb="0" cb="0"/><line nr="23" mi="5" ci="0" mb="0" cb="0"/><line nr="25" mi="4" ci="0" mb="2" cb="0"/><line nr="26" mi="3" ci="0" mb="0" cb="0"/><line nr="28" mi="1" ci="0" mb="0" cb="0"/><counter type="INSTRUCTION" missed="25" covered="0"/><counter type="BRANCH" missed="2" covered="0"/><counter type="LINE" missed="9" covered="0"/><counter type="COMPLEXITY" missed="3" covered="0"/><counter type="METHOD" missed="2" covered="0"/><counter type="CLASS" missed="1" covered="0"/></sourcefile><sourcefile name="ModeFactory.java"><line nr="13" mi="2" ci="0" mb="0" cb="0"/><line nr="14" mi="5" ci="0" mb="0" cb="0"/><line nr="16" mi="10" ci="0" mb="0" cb="0"/><line nr="17" mi="1" ci="0" mb="0" cb="0"/><line nr="20" mi="4" ci="0" mb="2" cb="0"/><line nr="21" mi="6" ci="0" mb="0" cb="0"/><line nr="24" mi="4" ci="0" mb="0" cb="0"/><counter type="INSTRUCTION" missed="32" covered="0"/><counter type="BRANCH" missed="2" covered="0"/><counter type="LINE" missed="7" covered="0"/><counter type="COMPLEXITY" missed="3" covered="0"/><counter type="METHOD" missed="2" covered="0"/><counter type="CLASS" missed="1" covered="0"/></sourcefile><sourcefile name="FileMode.java"><line nr="14" mi="4" ci="0" mb="0" cb="0"/><line nr="15" mi="1" ci="0" mb="0" cb="0"/><line nr="19" mi="4" ci="0" mb="0" cb="0"/><line nr="20" mi="5" ci="0" mb="0" cb="0"/><line nr="22" mi="8" ci="0" mb="0" cb="0"/><line nr="23" mi="3" ci="0" mb="0" cb="0"/><line nr="24" mi="2" ci="0" mb="2" cb="0"/><line nr="25" mi="5" ci="0" mb="0" cb="0"/><line nr="26" mi="3" ci="0" mb="0" cb="0"/><line nr="27" mi="3" ci="0" mb="0" cb="0"/><line nr="28" mi="1" ci="0" mb="0" cb="0"/><line nr="29" mi="1" ci="0" mb="0" cb="0"/><line nr="30" mi="4" ci="0" mb="0" cb="0"/><line nr="31" mi="1" ci="0" mb="0" cb="0"/><line nr="32" mi="1" ci="0" mb="0" cb="0"/><counter type="INSTRUCTION" missed="46" covered="0"/><counter type="BRANCH" missed="2" covered="0"/><counter type="LINE" missed="15" covered="0"/><counter type="COMPLEXITY" missed="3" covered="0"/><counter type="METHOD" missed="2" covered="0"/><counter type="CLASS" missed="1" covered="0"/></sourcefile><counter type="INSTRUCTION" missed="103" covered="0"/><counter type="BRANCH" missed="6" covered="0"/><counter type="LINE" missed="31" covered="0"/><counter type="COMPLEXITY" missed="9" covered="0"/><counter type="METHOD" missed="6" covered="0"/><counter type="CLASS" missed="3" covered="0"/></package><package name="com/vehiclerental/service"><class name="com/vehiclerental/service/VehicleRentalService" sourcefilename="VehicleRentalService.java"><method name="&lt;init&gt;" desc="()V" line="11"><counter type="INSTRUCTION" missed="8" covered="0"/><counter type="LINE" missed="3" covered="0"/><counter type="COMPLEXITY" missed="1" covered="0"/><counter type="METHOD" missed="1" covered="0"/></method><method name="branchExists" desc="(Ljava/lang/String;)Z" line="16"><counter type="INSTRUCTION" missed="5" covered="0"/><counter type="LINE" missed="1" covered="0"/><counter type="COMPLEXITY" missed="1" covered="0"/><counter type="METHOD" missed="1" covered="0"/></method><method name="addBranch" desc="(Lcom/vehiclerental/model/Branch;)V" line="20"><counter type="INSTRUCTION" missed="8" covered="0"/><counter type="LINE" missed="2" covered="0"/><counter type="COMPLEXITY" missed="1" covered="0"/><counter type="METHOD" missed="1" covered="0"/></method><method name="getBranch" desc="(Ljava/lang/String;)Lcom/vehiclerental/model/Branch;" line="24"><counter type="INSTRUCTION" missed="6" covered="0"/><counter type="LINE" missed="1" covered="0"/><counter type="COMPLEXITY" missed="1" covered="0"/><counter type="METHOD" missed="1" covered="0"/></method><counter type="INSTRUCTION" missed="27" covered="0"/><counter type="LINE" missed="7" covered="0"/><counter type="COMPLEXITY" missed="4" covered="0"/><counter type="METHOD" missed="4" covered="0"/><counter type="CLASS" missed="1" covered="0"/></class><sourcefile name="VehicleRentalService.java"><line nr="11" mi="2" ci="0" mb="0" cb="0"/><line nr="12" mi="5" ci="0" mb="0" cb="0"/><line nr="13" mi="1" ci="0" mb="0" cb="0"/><line nr="16" mi="5" ci="0" mb="0" cb="0"/><line nr="20" mi="7" ci="0" mb="0" cb="0"/><line nr="21" mi="1" ci="0" mb="0" cb="0"/><line nr="24" mi="6" ci="0" mb="0" cb="0"/><counter type="INSTRUCTION" missed="27" covered="0"/><counter type="LINE" missed="7" covered="0"/><counter type="COMPLEXITY" missed="4" covered="0"/><counter type="METHOD" missed="4" covered="0"/><counter type="CLASS" missed="1" covered="0"/></sourcefile><counter type="INSTRUCTION" missed="27" covered="0"/><counter type="LINE" missed="7" covered="0"/><counter type="COMPLEXITY" missed="4" covered="0"/><counter type="METHOD" missed="4" covered="0"/><counter type="CLASS" missed="1" covered="0"/></package><package name="com/vehiclerental/util"><class name="com/vehiclerental/util/CommonUtils" sourcefilename="CommonUtils.java"><method name="splitIntoList" desc="(Ljava/lang/String;Ljava/lang/String;)Ljava/util/List;" line="14"><counter type="INSTRUCTION" missed="37" covered="0"/><counter type="BRANCH" missed="4" covered="0"/><counter type="LINE" missed="7" covered="0"/><counter type="COMPLEXITY" missed="3" covered="0"/><counter type="METHOD" missed="1" covered="0"/></method><method name="isInteger" desc="(Ljava/lang/String;)Z" line="31"><counter type="INSTRUCTION" missed="9" covered="0"/><counter type="LINE" missed="5" covered="0"/><counter type="COMPLEXITY" missed="1" covered="0"/><counter type="METHOD" missed="1" covered="0"/></method><method name="isValidTime" desc="(I)Z" line="40"><counter type="INSTRUCTION" missed="9" covered="0"/><counter type="BRANCH" missed="4" covered="0"/><counter type="LINE" missed="1" covered="0"/><counter type="COMPLEXITY" missed="3" covered="0"/><counter type="METHOD" missed="1" covered="0"/></method><method name="areSetsEqual" desc="(Ljava/util/Set;Ljava/util/Set;)Z" line="44"><counter type="INSTRUCTION" missed="17" covered="0"/><counter type="BRANCH" missed="6" covered="0"/><counter type="LINE" missed="5" covered="0"/><counter type="COMPLEXITY" missed="4" covered="0"/><counter type="METHOD" missed="1" covered="0"/></method><counter type="INSTRUCTION" missed="72" covered="0"/><counter type="BRANCH" missed="14" covered="0"/><counter type="LINE" missed="18" covered="0"/><counter type="COMPLEXITY" missed="11" covered="0"/><counter type="METHOD" missed="4" covered="0"/><counter type="CLASS" missed="1" covered="0"/></class><sourcefile name="CommonUtils.java"><line nr="14" mi="4" ci="0" mb="0" cb="0"/><line nr="16" mi="5" ci="0" mb="0" cb="0"/><line nr="18" mi="16" ci="0" mb="2" cb="0"/><line nr="19" mi="3" ci="0" mb="0" cb="0"/><line nr="21" mi="3" ci="0" mb="2" cb="0"/><line nr="22" mi="4" ci="0" mb="0" cb="0"/><line nr="26" mi="2" ci="0" mb="0" cb="0"/><line nr="31" mi="3" ci="0" mb="0" cb="0"/><line nr="32" mi="1" ci="0" mb="0" cb="0"/><line nr="33" mi="2" ci="0" mb="0" cb="0"/><line nr="34" mi="1" ci="0" mb="0" cb="0"/><line nr="36" mi="2" ci="0" mb="0" cb="0"/><line nr="40" mi="9" ci="0" mb="4" cb="0"/><line nr="44" mi="4" ci="0" mb="4" cb="0"/><line nr="45" mi="2" ci="0" mb="0" cb="0"/><line nr="48" mi="5" ci="0" mb="2" cb="0"/><line nr="49" mi="2" ci="0" mb="0" cb="0"/><line nr="52" mi="4" ci="0" mb="0" cb="0"/><counter type="INSTRUCTION" missed="72" covered="0"/><counter type="BRANCH" missed="14" covered="0"/><counter type="LINE" missed="18" covered="0"/><counter type="COMPLEXITY" missed="11" covered="0"/><counter type="METHOD" missed="4" covered="0"/><counter type="CLASS" missed="1" covered="0"/></sourcefile><counter type="INSTRUCTION" missed="72" covered="0"/><counter type="BRANCH" missed="14" covered="0"/><counter type="LINE" missed="18" covered="0"/><counter type="COMPLEXITY" missed="11" covered="0"/><counter type="METHOD" missed="4" covered="0"/><counter type="CLASS" missed="1" covered="0"/></package><package name="com/vehiclerental/command"><class name="com/vehiclerental/command/CommandExecutorFactory" sourcefilename="CommandExecutorFactory.java"><method name="&lt;init&gt;" desc="(Lcom/vehiclerental/service/VehicleRentalService;Lcom/vehiclerental/OutputPrinter;)V" line="12"><counter type="INSTRUCTION" missed="48" covered="0"/><counter type="LINE" missed="7" covered="0"/><counter type="COMPLEXITY" missed="1" covered="0"/><counter type="METHOD" missed="1" covered="0"/></method><method name="getCommandExecutor" desc="(Ljava/lang/String;)Lcom/vehiclerental/command/CommandExecutor;" line="22"><counter type="INSTRUCTION" missed="15" covered="0"/><counter type="BRANCH" missed="2" covered="0"/><counter type="LINE" missed="3" covered="0"/><counter type="COMPLEXITY" missed="2" covered="0"/><counter type="METHOD" missed="1" covered="0"/></method><counter type="INSTRUCTION" missed="63" covered="0"/><counter type="BRANCH" missed="2" covered="0"/><counter type="LINE" missed="10" covered="0"/><counter type="COMPLEXITY" missed="3" covered="0"/><counter type="METHOD" missed="2" covered="0"/><counter type="CLASS" missed="1" covered="0"/></class><class name="com/vehiclerental/command/DisplayVehiclesCommandExecutor" sourcefilename="DisplayVehiclesCommandExecutor.java"><method name="&lt;init&gt;" desc="(Lcom/vehiclerental/service/VehicleRentalService;Lcom/vehiclerental/OutputPrinter;)V" line="19"><counter type="INSTRUCTION" missed="5" covered="0"/><counter type="LINE" missed="2" covered="0"/><counter type="COMPLEXITY" missed="1" covered="0"/><counter type="METHOD" missed="1" covered="0"/></method><method name="isValid" desc="(Lcom/vehiclerental/model/Command;)Z" line="24"><counter type="INSTRUCTION" missed="103" covered="0"/><counter type="BRANCH" missed="16" covered="0"/><counter type="LINE" missed="31" covered="0"/><counter type="COMPLEXITY" missed="9" covered="0"/><counter type="METHOD" missed="1" covered="0"/></method><method name="execute" desc="(Lcom/vehiclerental/model/Command;)V" line="78"><counter type="INSTRUCTION" missed="67" covered="0"/><counter type="BRANCH" missed="4" covered="0"/><counter type="LINE" missed="14" covered="0"/><counter type="COMPLEXITY" missed="3" covered="0"/><counter type="METHOD" missed="1" covered="0"/></method><counter type="INSTRUCTION" missed="175" covered="0"/><counter type="BRANCH" missed="20" covered="0"/><counter type="LINE" missed="47" covered="0"/><counter type="COMPLEXITY" missed="13" covered="0"/><counter type="METHOD" missed="3" covered="0"/><counter type="CLASS" missed="1" covered="0"/></class><class name="com/vehiclerental/command/AddBranchCommandExecutor" sourcefilename="AddBranchCommandExecutor.java"><method name="&lt;init&gt;" desc="(Lcom/vehiclerental/service/VehicleRentalService;Lcom/vehiclerental/OutputPrinter;)V" line="21"><counter type="INSTRUCTION" missed="5" covered="0"/><counter type="LINE" missed="2" covered="0"/><counter type="COMPLEXITY" missed="1" covered="0"/><counter type="METHOD" missed="1" covered="0"/></method><method name="isValid" desc="(Lcom/vehiclerental/model/Command;)Z" line="26"><counter type="INSTRUCTION" missed="42" covered="0"/><counter type="BRANCH" missed="6" covered="0"/><counter type="LINE" missed="12" covered="0"/><counter type="COMPLEXITY" missed="4" covered="0"/><counter type="METHOD" missed="1" covered="0"/></method><method name="execute" desc="(Lcom/vehiclerental/model/Command;)V" line="50"><counter type="INSTRUCTION" missed="37" covered="0"/><counter type="LINE" missed="8" covered="0"/><counter type="COMPLEXITY" missed="1" covered="0"/><counter type="METHOD" missed="1" covered="0"/></method><method name="getDefaultDynamicPricingStrategy" desc="()Ljava/util/Map;" line="64"><counter type="INSTRUCTION" missed="15" covered="0"/><counter type="LINE" missed="3" covered="0"/><counter type="COMPLEXITY" missed="1" covered="0"/><counter type="METHOD" missed="1" covered="0"/></method><method name="getDefaultLeaseStrategy" desc="()Ljava/util/Comparator;" line="70"><counter type="INSTRUCTION" missed="2" covered="0"/><counter type="LINE" missed="1" covered="0"/><counter type="COMPLEXITY" missed="1" covered="0"/><counter type="METHOD" missed="1" covered="0"/></method><method name="lambda$getDefaultLeaseStrategy$0" desc="(Lcom/vehiclerental/model/Vehicle;Lcom/vehiclerental/model/Vehicle;)I" line="71"><counter type="INSTRUCTION" missed="26" covered="0"/><counter type="BRANCH" missed="4" covered="0"/><counter type="LINE" missed="6" covered="0"/><counter type="COMPLEXITY" missed="3" covered="0"/><counter type="METHOD" missed="1" covered="0"/></method><counter type="INSTRUCTION" missed="127" covered="0"/><counter type="BRANCH" missed="10" covered="0"/><counter type="LINE" missed="32" covered="0"/><counter type="COMPLEXITY" missed="11" covered="0"/><counter type="METHOD" missed="6" covered="0"/><counter type="CLASS" missed="1" covered="0"/></class><class name="com/vehiclerental/command/BookCommandExecutor" sourcefilename="BookCommandExecutor.java"><method name="&lt;init&gt;" desc="(Lcom/vehiclerental/service/VehicleRentalService;Lcom/vehiclerental/OutputPrinter;)V" line="18"><counter type="INSTRUCTION" missed="5" covered="0"/><counter type="LINE" missed="2" covered="0"/><counter type="COMPLEXITY" missed="1" covered="0"/><counter type="METHOD" missed="1" covered="0"/></method><method name="isValid" desc="(Lcom/vehiclerental/model/Command;)Z" line="23"><counter type="INSTRUCTION" missed="123" covered="0"/><counter type="BRANCH" missed="18" covered="0"/><counter type="LINE" missed="36" covered="0"/><counter type="COMPLEXITY" missed="10" covered="0"/><counter type="METHOD" missed="1" covered="0"/></method><method name="execute" desc="(Lcom/vehiclerental/model/Command;)V" line="85"><counter type="INSTRUCTION" missed="42" covered="0"/><counter type="LINE" missed="9" covered="0"/><counter type="COMPLEXITY" missed="1" covered="0"/><counter type="METHOD" missed="1" covered="0"/></method><counter type="INSTRUCTION" missed="170" covered="0"/><counter type="BRANCH" missed="18" covered="0"/><counter type="LINE" missed="47" covered="0"/><counter type="COMPLEXITY" missed="12" covered="0"/><counter type="METHOD" missed="3" covered="0"/><counter type="CLASS" missed="1" covered="0"/></class><class name="com/vehiclerental/command/CommandExecutor" sourcefilename="CommandExecutor.java"><method name="&lt;init&gt;" desc="(Lcom/vehiclerental/service/VehicleRentalService;Lcom/vehiclerental/OutputPrinter;)V" line="11"><counter type="INSTRUCTION" missed="9" covered="0"/><counter type="LINE" missed="4" covered="0"/><counter type="COMPLEXITY" missed="1" covered="0"/><counter type="METHOD" missed="1" covered="0"/></method><counter type="INSTRUCTION" missed="9" covered="0"/><counter type="LINE" missed="4" covered="0"/><counter type="COMPLEXITY" missed="1" covered="0"/><counter type="METHOD" missed="1" covered="0"/><counter type="CLASS" missed="1" covered="0"/></class><class name="com/vehiclerental/command/AddVehicleCommandExecutor" sourcefilename="AddVehicleCommandExecutor.java"><method name="&lt;init&gt;" desc="(Lcom/vehiclerental/service/VehicleRentalService;Lcom/vehiclerental/OutputPrinter;)V" line="18"><counter type="INSTRUCTION" missed="5" covered="0"/><counter type="LINE" missed="2" covered="0"/><counter type="COMPLEXITY" missed="1" covered="0"/><counter type="METHOD" missed="1" covered="0"/></method><method name="isValid" desc="(Lcom/vehiclerental/model/Command;)Z" line="23"><counter type="INSTRUCTION" missed="92" covered="0"/><counter type="BRANCH" missed="12" covered="0"/><counter type="LINE" missed="25" covered="0"/><counter type="COMPLEXITY" missed="7" covered="0"/><counter type="METHOD" missed="1" covered="0"/></method><method name="execute" desc="(Lcom/vehiclerental/model/Command;)V" line="67"><counter type="INSTRUCTION" missed="40" covered="0"/><counter type="LINE" missed="9" covered="0"/><counter type="COMPLEXITY" missed="1" covered="0"/><counter type="METHOD" missed="1" covered="0"/></method><counter type="INSTRUCTION" missed="137" covered="0"/><counter type="BRANCH" missed="12" covered="0"/><counter type="LINE" missed="36" covered="0"/><counter type="COMPLEXITY" missed="9" covered="0"/><counter type="METHOD" missed="3" covered="0"/><counter type="CLASS" missed="1" covered="0"/></class><sourcefile name="BookCommandExecutor.java"><line nr="18" mi="4" ci="0" mb="0" cb="0"/><line nr="19" mi="1" ci="0" mb="0" cb="0"/><line nr="23" mi="3" ci="0" mb="0" cb="0"/><line nr="25" mi="5" ci="0" mb="2" cb="0"/><line nr="26" mi="4" ci="0" mb="0" cb="0"/><line nr="27" mi="2" ci="0" mb="0" cb="0"/><line nr="30" mi="4" ci="0" mb="2" cb="0"/><line nr="31" mi="4" ci="0" mb="0" cb="0"/><line nr="32" mi="2" ci="0" mb="0" cb="0"/><line nr="35" mi="5" ci="0" mb="0" cb="0"/><line nr="36" mi="5" ci="0" mb="0" cb="0"/><line nr="37" mi="5" ci="0" mb="0" cb="0"/><line nr="38" mi="5" ci="0" mb="0" cb="0"/><line nr="40" mi="5" ci="0" mb="2" cb="0"/><line nr="41" mi="4" ci="0" mb="0" cb="0"/><line nr="42" mi="2" ci="0" mb="0" cb="0"/><line nr="45" mi="5" ci="0" mb="0" cb="0"/><line nr="47" mi="4" ci="0" mb="2" cb="0"/><line nr="48" mi="4" ci="0" mb="0" cb="0"/><line nr="49" mi="2" ci="0" mb="0" cb="0"/><line nr="52" mi="3" ci="0" mb="2" cb="0"/><line nr="53" mi="4" ci="0" mb="0" cb="0"/><line nr="54" mi="2" ci="0" mb="0" cb="0"/><line nr="57" mi="3" ci="0" mb="2" cb="0"/><line nr="58" mi="4" ci="0" mb="0" cb="0"/><line nr="59" mi="2" ci="0" mb="0" cb="0"/><line nr="62" mi="3" ci="0" mb="0" cb="0"/><line nr="63" mi="3" ci="0" mb="0" cb="0"/><line nr="65" mi="3" ci="0" mb="2" cb="0"/><line nr="66" mi="4" ci="0" mb="0" cb="0"/><line nr="67" mi="2" ci="0" mb="0" cb="0"/><line nr="70" mi="3" ci="0" mb="2" cb="0"/><line nr="71" mi="4" ci="0" mb="0" cb="0"/><line nr="72" mi="2" ci="0" mb="0" cb="0"/><line nr="75" mi="3" ci="0" mb="2" cb="0"/><line nr="76" mi="4" ci="0" mb="0" cb="0"/><line nr="77" mi="2" ci="0" mb="0" cb="0"/><line nr="80" mi="2" ci="0" mb="0" cb="0"/><line nr="85" mi="3" ci="0" mb="0" cb="0"/><line nr="87" mi="5" ci="0" mb="0" cb="0"/><line nr="88" mi="5" ci="0" mb="0" cb="0"/><line nr="89" mi="6" ci="0" mb="0" cb="0"/><line nr="90" mi="6" ci="0" mb="0" cb="0"/><line nr="92" mi="5" ci="0" mb="0" cb="0"/><line nr="93" mi="6" ci="0" mb="0" cb="0"/><line nr="95" mi="5" ci="0" mb="0" cb="0"/><line nr="96" mi="1" ci="0" mb="0" cb="0"/><counter type="INSTRUCTION" missed="170" covered="0"/><counter type="BRANCH" missed="18" covered="0"/><counter type="LINE" missed="47" covered="0"/><counter type="COMPLEXITY" missed="12" covered="0"/><counter type="METHOD" missed="3" covered="0"/><counter type="CLASS" missed="1" covered="0"/></sourcefile><sourcefile name="AddBranchCommandExecutor.java"><line nr="21" mi="4" ci="0" mb="0" cb="0"/><line nr="22" mi="1" ci="0" mb="0" cb="0"/><line nr="26" mi="3" ci="0" mb="0" cb="0"/><line nr="28" mi="5" ci="0" mb="2" cb="0"/><line nr="29" mi="4" ci="0" mb="0" cb="0"/><line nr="30" mi="2" ci="0" mb="0" cb="0"/><line nr="33" mi="4" ci="0" mb="2" cb="0"/><line nr="34" mi="4" ci="0" mb="0" cb="0"/><line nr="35" mi="2" ci="0" mb="0" cb="0"/><line nr="38" mi="5" ci="0" mb="0" cb="0"/><line nr="40" mi="5" ci="0" mb="2" cb="0"/><line nr="41" mi="4" ci="0" mb="0" cb="0"/><line nr="42" mi="2" ci="0" mb="0" cb="0"/><line nr="45" mi="2" ci="0" mb="0" cb="0"/><line nr="50" mi="3" ci="0" mb="0" cb="0"/><line nr="52" mi="5" ci="0" mb="0" cb="0"/><line nr="53" mi="7" ci="0" mb="0" cb="0"/><line nr="55" mi="10" ci="0" mb="0" cb="0"/><line nr="56" mi="3" ci="0" mb="0" cb="0"/><line nr="58" mi="4" ci="0" mb="0" cb="0"/><line nr="60" mi="4" ci="0" mb="0" cb="0"/><line nr="61" mi="1" ci="0" mb="0" cb="0"/><line nr="64" mi="4" ci="0" mb="0" cb="0"/><line nr="65" mi="9" ci="0" mb="0" cb="0"/><line nr="66" mi="2" ci="0" mb="0" cb="0"/><line nr="70" mi="2" ci="0" mb="0" cb="0"/><line nr="71" mi="6" ci="0" mb="2" cb="0"/><line nr="72" mi="2" ci="0" mb="0" cb="0"/><line nr="75" mi="8" ci="0" mb="0" cb="0"/><line nr="77" mi="2" ci="0" mb="2" cb="0"/><line nr="78" mi="6" ci="0" mb="0" cb="0"/><line nr="81" mi="2" ci="0" mb="0" cb="0"/><counter type="INSTRUCTION" missed="127" covered="0"/><counter type="BRANCH" missed="10" covered="0"/><counter type="LINE" missed="32" covered="0"/><counter type="COMPLEXITY" missed="11" covered="0"/><counter type="METHOD" missed="6" covered="0"/><counter type="CLASS" missed="1" covered="0"/></sourcefile><sourcefile name="CommandExecutor.java"><line nr="11" mi="2" ci="0" mb="0" cb="0"/><line nr="12" mi="3" ci="0" mb="0" cb="0"/><line nr="13" mi="3" ci="0" mb="0" cb="0"/><line nr="14" mi="1" ci="0" mb="0" cb="0"/><counter type="INSTRUCTION" missed="9" covered="0"/><counter type="LINE" missed="4" covered="0"/><counter type="COMPLEXITY" missed="1" covered="0"/><counter type="METHOD" missed="1" covered="0"/><counter type="CLASS" missed="1" covered="0"/></sourcefile><sourcefile name="AddVehicleCommandExecutor.java"><line nr="18" mi="4" ci="0" mb="0" cb="0"/><line nr="19" mi="1" ci="0" mb="0" cb="0"/><line nr="23" mi="3" ci="0" mb="0" cb="0"/><line nr="25" mi="5" ci="0" mb="2" cb="0"/><line nr="26" mi="4" ci="0" mb="0" cb="0"/><line nr="27" mi="2" ci="0" mb="0" cb="0"/><line nr="30" mi="4" ci="0" mb="2" cb="0"/><line nr="31" mi="4" ci="0" mb="0" cb="0"/><line nr="32" mi="2" ci="0" mb="0" cb="0"/><line nr="35" mi="5" ci="0" mb="0" cb="0"/><line nr="36" mi="5" ci="0" mb="0" cb="0"/><line nr="37" mi="5" ci="0" mb="0" cb="0"/><line nr="38" mi="5" ci="0" mb="0" cb="0"/><line nr="40" mi="5" ci="0" mb="2" cb="0"/><line nr="41" mi="4" ci="0" mb="0" cb="0"/><line nr="42" mi="2" ci="0" mb="0" cb="0"/><line nr="45" mi="5" ci="0" mb="0" cb="0"/><line nr="47" mi="4" ci="0" mb="2" cb="0"/><line nr="48" mi="4" ci="0" mb="0" cb="0"/><line nr="49" mi="2" ci="0" mb="0" cb="0"/><line nr="52" mi="5" ci="0" mb="2" cb="0"/><line nr="53" mi="4" ci="0" mb="0" cb="0"/><line nr="54" mi="2" ci="0" mb="0" cb="0"/><line nr="57" mi="3" ci="0" mb="2" cb="0"/><line nr="58" mi="4" ci="0" mb="0" cb="0"/><line nr="59" mi="2" ci="0" mb="0" cb="0"/><line nr="62" mi="2" ci="0" mb="0" cb="0"/><line nr="67" mi="3" ci="0" mb="0" cb="0"/><line nr="69" mi="5" ci="0" mb="0" cb="0"/><line nr="70" mi="5" ci="0" mb="0" cb="0"/><line nr="71" mi="5" ci="0" mb="0" cb="0"/><line nr="72" mi="7" ci="0" mb="0" cb="0"/><line nr="74" mi="5" ci="0" mb="0" cb="0"/><line nr="75" mi="5" ci="0" mb="0" cb="0"/><line nr="77" mi="4" ci="0" mb="0" cb="0"/><line nr="78" mi="1" ci="0" mb="0" cb="0"/><counter type="INSTRUCTION" missed="137" covered="0"/><counter type="BRANCH" missed="12" covered="0"/><counter type="LINE" missed="36" covered="0"/><counter type="COMPLEXITY" missed="9" covered="0"/><counter type="METHOD" missed="3" covered="0"/><counter type="CLASS" missed="1" covered="0"/></sourcefile><sourcefile name="CommandExecutorFactory.java"><line nr="12" mi="2" ci="0" mb="0" cb="0"/><line nr="13" mi="5" ci="0" mb="0" cb="0"/><line nr="15" mi="10" ci="0" mb="0" cb="0"/><line nr="16" mi="10" ci="0" mb="0" cb="0"/><line nr="17" mi="10" ci="0" mb="0" cb="0"/><line nr="18" mi="10" ci="0" mb="0" cb="0"/><line nr="19" mi="1" ci="0" mb="0" cb="0"/><line nr="22" mi="5" ci="0" mb="2" cb="0"/><line nr="23" mi="6" ci="0" mb="0" cb="0"/><line nr="26" mi="4" ci="0" mb="0" cb="0"/><counter type="INSTRUCTION" missed="63" covered="0"/><counter type="BRANCH" missed="2" covered="0"/><counter type="LINE" missed="10" covered="0"/><counter type="COMPLEXITY" missed="3" covered="0"/><counter type="METHOD" missed="2" covered="0"/><counter type="CLASS" missed="1" covered="0"/></sourcefile><sourcefile name="DisplayVehiclesCommandExecutor.java"><line nr="19" mi="4" ci="0" mb="0" cb="0"/><line nr="20" mi="1" ci="0" mb="0" cb="0"/><line nr="24" mi="3" ci="0" mb="0" cb="0"/><line nr="26" mi="5" ci="0" mb="2" cb="0"/><line nr="27" mi="4" ci="0" mb="0" cb="0"/><line nr="28" mi="2" ci="0" mb="0" cb="0"/><line nr="31" mi="4" ci="0" mb="2" cb="0"/><line nr="32" mi="4" ci="0" mb="0" cb="0"/><line nr="33" mi="2" ci="0" mb="0" cb="0"/><line nr="36" mi="5" ci="0" mb="0" cb="0"/><line nr="37" mi="5" ci="0" mb="0" cb="0"/><line nr="38" mi="5" ci="0" mb="0" cb="0"/><line nr="40" mi="5" ci="0" mb="2" cb="0"/><line nr="41" mi="4" ci="0" mb="0" cb="0"/><line nr="42" mi="2" ci="0" mb="0" cb="0"/><line nr="45" mi="3" ci="0" mb="2" cb="0"/><line nr="46" mi="4" ci="0" mb="0" cb="0"/><line nr="47" mi="2" ci="0" mb="0" cb="0"/><line nr="50" mi="3" ci="0" mb="2" cb="0"/><line nr="51" mi="4" ci="0" mb="0" cb="0"/><line nr="52" mi="2" ci="0" mb="0" cb="0"/><line nr="55" mi="3" ci="0" mb="0" cb="0"/><line nr="56" mi="3" ci="0" mb="0" cb="0"/><line nr="58" mi="3" ci="0" mb="2" cb="0"/><line nr="59" mi="4" ci="0" mb="0" cb="0"/><line nr="60" mi="2" ci="0" mb="0" cb="0"/><line nr="63" mi="3" ci="0" mb="2" cb="0"/><line nr="64" mi="4" ci="0" mb="0" cb="0"/><line nr="65" mi="2" ci="0" mb="0" cb="0"/><line nr="68" mi="3" ci="0" mb="2" cb="0"/><line nr="69" mi="4" ci="0" mb="0" cb="0"/><line nr="70" mi="2" ci="0" mb="0" cb="0"/><line nr="73" mi="2" ci="0" mb="0" cb="0"/><line nr="78" mi="3" ci="0" mb="0" cb="0"/><line nr="80" mi="5" ci="0" mb="0" cb="0"/><line nr="81" mi="6" ci="0" mb="0" cb="0"/><line nr="82" mi="6" ci="0" mb="0" cb="0"/><line nr="84" mi="5" ci="0" mb="0" cb="0"/><line nr="86" mi="4" ci="0" mb="0" cb="0"/><line nr="88" mi="13" ci="0" mb="2" cb="0"/><line nr="89" mi="4" ci="0" mb="0" cb="0"/><line nr="90" mi="4" ci="0" mb="0" cb="0"/><line nr="91" mi="1" ci="0" mb="0" cb="0"/><line nr="93" mi="3" ci="0" mb="2" cb="0"/><line nr="94" mi="7" ci="0" mb="0" cb="0"/><line nr="97" mi="5" ci="0" mb="0" cb="0"/><line nr="98" mi="1" ci="0" mb="0" cb="0"/><counter type="INSTRUCTION" missed="175" covered="0"/><counter type="BRANCH" missed="20" covered="0"/><counter type="LINE" missed="47" covered="0"/><counter type="COMPLEXITY" missed="13" covered="0"/><counter type="METHOD" missed="3" covered="0"/><counter type="CLASS" missed="1" covered="0"/></sourcefile><counter type="INSTRUCTION" missed="681" covered="0"/><counter type="BRANCH" missed="62" covered="0"/><counter type="LINE" missed="176" covered="0"/><counter type="COMPLEXITY" missed="49" covered="0"/><counter type="METHOD" missed="18" covered="0"/><counter type="CLASS" missed="6" covered="0"/></package><package name="com/vehiclerental/exception"><class name="com/vehiclerental/exception/InvalidModeException" sourcefilename="InvalidModeException.java"><method name="&lt;init&gt;" desc="()V" line="3"><counter type="INSTRUCTION" missed="3" covered="0"/><counter type="LINE" missed="1" covered="0"/><counter type="COMPLEXITY" missed="1" covered="0"/><counter type="METHOD" missed="1" covered="0"/></method><counter type="INSTRUCTION" missed="3" covered="0"/><counter type="LINE" missed="1" covered="0"/><counter type="COMPLEXITY" missed="1" covered="0"/><counter type="METHOD" missed="1" covered="0"/><counter type="CLASS" missed="1" covered="0"/></class><class name="com/vehiclerental/exception/InvalidCommandException" sourcefilename="InvalidCommandException.java"><method name="&lt;init&gt;" desc="()V" line="3"><counter type="INSTRUCTION" missed="3" covered="0"/><counter type="LINE" missed="1" covered="0"/><counter type="COMPLEXITY" missed="1" covered="0"/><counter type="METHOD" missed="1" covered="0"/></method><counter type="INSTRUCTION" missed="3" covered="0"/><counter type="LINE" missed="1" covered="0"/><counter type="COMPLEXITY" missed="1" covered="0"/><counter type="METHOD" missed="1" covered="0"/><counter type="CLASS" missed="1" covered="0"/></class><sourcefile name="InvalidCommandException.java"><line nr="3" mi="3" ci="0" mb="0" cb="0"/><counter type="INSTRUCTION" missed="3" covered="0"/><counter type="LINE" missed="1" covered="0"/><counter type="COMPLEXITY" missed="1" covered="0"/><counter type="METHOD" missed="1" covered="0"/><counter type="CLASS" missed="1" covered="0"/></sourcefile><sourcefile name="InvalidModeException.java"><line nr="3" mi="3" ci="0" mb="0" cb="0"/><counter type="INSTRUCTION" missed="3" covered="0"/><counter type="LINE" missed="1" covered="0"/><counter type="COMPLEXITY" missed="1" covered="0"/><counter type="METHOD" missed="1" covered="0"/><counter type="CLASS" missed="1" covered="0"/></sourcefile><counter type="INSTRUCTION" missed="6" covered="0"/><counter type="LINE" missed="2" covered="0"/><counter type="COMPLEXITY" missed="2" covered="0"/><counter type="METHOD" missed="2" covered="0"/><counter type="CLASS" missed="2" covered="0"/></package><package name="com/vehiclerental"><class name="com/vehiclerental/OutputPrinter" sourcefilename="OutputPrinter.java"><method name="&lt;init&gt;" desc="()V" line="3"><counter type="INSTRUCTION" missed="3" covered="0"/><counter type="LINE" missed="1" covered="0"/><counter type="COMPLEXITY" missed="1" covered="0"/><counter type="METHOD" missed="1" covered="0"/></method><method name="print" desc="(Ljava/lang/String;)V" line="5"><counter type="INSTRUCTION" missed="4" covered="0"/><counter type="LINE" missed="2" covered="0"/><counter type="COMPLEXITY" missed="1" covered="0"/><counter type="METHOD" missed="1" covered="0"/></method><counter type="INSTRUCTION" missed="7" covered="0"/><counter type="LINE" missed="3" covered="0"/><counter type="COMPLEXITY" missed="2" covered="0"/><counter type="METHOD" missed="2" covered="0"/><counter type="CLASS" missed="1" covered="0"/></class><class name="com/vehiclerental/Driver" sourcefilename="Driver.java"><method name="&lt;init&gt;" desc="()V" line="10"><counter type="INSTRUCTION" missed="3" covered="0"/><counter type="LINE" missed="1" covered="0"/><counter type="COMPLEXITY" missed="1" covered="0"/><counter type="METHOD" missed="1" covered="0"/></method><method name="main" desc="([Ljava/lang/String;)V" line="12"><counter type="INSTRUCTION" missed="28" covered="0"/><counter type="LINE" missed="7" covered="0"/><counter type="COMPLEXITY" missed="1" covered="0"/><counter type="METHOD" missed="1" covered="0"/></method><counter type="INSTRUCTION" missed="31" covered="0"/><counter type="LINE" missed="8" covered="0"/><counter type="COMPLEXITY" missed="2" covered="0"/><counter type="METHOD" missed="2" covered="0"/><counter type="CLASS" missed="1" covered="0"/></class><sourcefile name="Driver.java"><line nr="10" mi="3" ci="0" mb="0" cb="0"/><line nr="12" mi="4" ci="0" mb="0" cb="0"/><line nr="13" mi="4" ci="0" mb="0" cb="0"/><line nr="15" mi="6" ci="0" mb="0" cb="0"/><line nr="17" mi="6" ci="0" mb="0" cb="0"/><line nr="18" mi="4" ci="0" mb="0" cb="0"/><line nr="19" mi="3" ci="0" mb="0" cb="0"/><line nr="20" mi="1" ci="0" mb="0" cb="0"/><counter type="INSTRUCTION" missed="31" covered="0"/><counter type="LINE" missed="8" covered="0"/><counter type="COMPLEXITY" missed="2" covered="0"/><counter type="METHOD" missed="2" covered="0"/><counter type="CLASS" missed="1" covered="0"/></sourcefile><sourcefile name="OutputPrinter.java"><line nr="3" mi="3" ci="0" mb="0" cb="0"/><line nr="5" mi="3" ci="0" mb="0" cb="0"/><line nr="6" mi="1" ci="0" mb="0" cb="0"/><counter type="INSTRUCTION" missed="7" covered="0"/><counter type="LINE" missed="3" covered="0"/><counter type="COMPLEXITY" missed="2" covered="0"/><counter type="METHOD" missed="2" covered="0"/><counter type="CLASS" missed="1" covered="0"/></sourcefile><counter type="INSTRUCTION" missed="38" covered="0"/><counter type="LINE" missed="11" covered="0"/><counter type="COMPLEXITY" missed="4" covered="0"/><counter type="METHOD" missed="4" covered="0"/><counter type="CLASS" missed="2" covered="0"/></package><counter type="INSTRUCTION" missed="1262" covered="0"/><counter type="BRANCH" missed="114" covered="0"/><counter type="LINE" missed="328" covered="0"/><counter type="COMPLEXITY" missed="117" covered="0"/><counter type="METHOD" missed="60" covered="0"/><counter type="CLASS" missed="20" covered="0"/></report>